<?xml version="1.0" encoding="UTF-8"?>
<testsuite name="Cucumber" time="3.533" tests="1" skipped="0" failures="0" errors="0">
<testcase classname="HomePage Feature" name="Home Page Title" time="3.405">
<system-out><![CDATA[
Given user is on the home page..............................................passed
When user gets the title of the home page...................................passed
Then title of the page should be "Register Account".........................passed
]]></system-out>
</testcase>
</testsuite>
